<?xml version="1.0" encoding="UTF-8"?>
<!-- Generated by org.testng.reporters.JUnitReportReporter -->
<testsuite hostname="DESKTOP-CF5VJ3J" failures="0" tests="7" name="RegistrationFormTestCases" time="18.264" errors="0" timestamp="2021-09-30T17:51:50 SGT" skipped="0">
  <testcase classname="RegistrationFormTestCases" name="registerAsDoctorWithFilledField" time="3.682"/>
  <system-out/>
  <testcase classname="RegistrationFormTestCases" name="registerAsPatientWithFilledField" time="3.340"/>
  <system-out/>
  <testcase classname="RegistrationFormTestCases" name="registerSelect" time="1.335"/>
  <system-out/>
  <testcase classname="RegistrationFormTestCases" name="assertPage" time="0.640"/>
  <system-out/>
  <testcase classname="RegistrationFormTestCases" name="registerAsDoctorWithEmptyField" time="2.952"/>
  <system-out/>
  <testcase classname="RegistrationFormTestCases" name="registerAsCentreWithEmptyField" time="3.452"/>
  <system-out/>
  <testcase classname="RegistrationFormTestCases" name="registerAsPatientWithEmptyField" time="2.863"/>
  <system-out/>
</testsuite> <!-- RegistrationFormTestCases -->
