<?xml version="1.0" encoding="UTF-8"?>
<!-- Generated by org.testng.reporters.JUnitReportReporter -->
<testsuite hostname="DESKTOP-CF5VJ3J" failures="0" tests="20" name="ui.TestCases" time="108.287" errors="0" timestamp="2021-10-13T21:28:19 SGT" skipped="0">
  <testcase classname="ui.TestCases" name="checkSessionPatient" time="2.181"/>
  <system-out/>
  <testcase classname="ui.TestCases" name="checkPatientPagePositiveCase" time="2.088"/>
  <system-out/>
  <testcase classname="ui.TestCases" name="checkPatientPageNegativeCase" time="1.085"/>
  <system-out/>
  <testcase classname="ui.TestCases" name="checkPersonalInformationPagePositiveCase" time="3.212"/>
  <system-out/>
  <testcase classname="ui.TestCases" name="checkPersonalInformationPageNegativeCase" time="3.183"/>
  <system-out/>
  <testcase classname="ui.TestCases" name="checkEditPatientModalContentPositiveCase" time="5.654"/>
  <system-out/>
  <testcase classname="ui.TestCases" name="checkEditPatientModalContentNegativeCase" time="4.531"/>
  <system-out/>
  <testcase classname="ui.TestCases" name="checkEditPatientClickable" time="3.230"/>
  <system-out/>
  <testcase classname="ui.TestCases" name="checkEditPatientInfomationPatternValidation" time="5.892"/>
  <system-out/>
  <testcase classname="ui.TestCases" name="checkEditPatientInformationIsFilledValidationWithSaveChangesNegativeCase" time="9.585"/>
  <system-out/>
  <testcase classname="ui.TestCases" name="checkEditPatientSaveChangePositiveCase" time="8.472"/>
  <system-out/>
  <testcase classname="ui.TestCases" name="checkNavigateToBookPage" time="3.154"/>
  <system-out/>
  <testcase classname="ui.TestCases" name="checkBookPageContent" time="5.256"/>
  <system-out/>
  <testcase classname="ui.TestCases" name="checkSubmitBookSlotNegativeCase" time="4.881"/>
  <system-out/>
  <testcase classname="ui.TestCases" name="checkSubmitBookSlotPositiveCase" time="8.675"/>
  <system-out/>
  <testcase classname="ui.TestCases" name="checkSubmitBookSlotWithValidationNegativeCase" time="10.850"/>
  <system-out/>
  <testcase classname="ui.TestCases" name="checkViewVaccinationContent" time="4.500"/>
  <system-out/>
  <testcase classname="ui.TestCases" name="checkEditScheduleContent" time="3.983"/>
  <system-out/>
  <testcase classname="ui.TestCases" name="checkEditModalPositiveCase" time="8.884"/>
  <system-out/>
  <testcase classname="ui.TestCases" name="checkEditModalWithValidationNegativeCase" time="8.991"/>
  <system-out/>
</testsuite> <!-- ui.TestCases -->
