<?xml version="1.0" encoding="UTF-8"?>
<!-- Generated by org.testng.reporters.JUnitReportReporter -->
<testsuite hostname="DESKTOP-CF5VJ3J" failures="0" tests="2" name="TestCases" time="26.390" errors="0" timestamp="2021-10-12T16:28:38 SGT" skipped="0">
  <testcase classname="TestCases" name="addPatientPositiveCase" time="9.924"/>
  <system-out/>
  <testcase classname="TestCases" name="checkDelete" time="16.466"/>
  <system-out/>
</testsuite> <!-- TestCases -->
